# JRE version: OpenJDK Runtime Environment (21.0.7) (build 21.0.7+-13880790-b1038.58)
# Java VM: OpenJDK 64-Bit Server VM (21.0.7+-13880790-b1038.58, mixed mode, tiered, compressed oops, compressed class ptrs, g1 gc, windows-amd64)
GC Precious Log:
 CardTable entry size: 512
 Card Set container configuration: InlinePtr #cards 5 size 8 Array Of Cards #cards 12 size 40 Howl #buckets 4 coarsen threshold 1843 Howl Bitmap #cards 512 size 80 coarsen threshold 460 Card regions per heap region 1 cards per card region 2048
 CPUs: 12 total, 12 available
 Memory: 16332M
 Large Page Support: Disabled
 NUMA Support: Disabled
 Compressed Oops: Enabled (32-bit)
 Heap Region Size: 1M
 Heap Min Capacity: 8M
 Heap Initial Capacity: 256M
 Heap Max Capacity: 2G
 Pre-touch: Disabled
 Parallel Workers: 10
 Concurrent Workers: 3
 Concurrent Refinement Workers: 10
 Periodic GC: Disabled
Heap:
 garbage-first heap   total 276480K, used 219357K [0x0000000080000000, 0x0000000100000000)
  region size 1024K, 11 young (11264K), 7 survivors (7168K)
 Metaspace       used 121941K, committed 124224K, reserved 1179648K
  class space    used 16743K, committed 17856K, reserved 1048576K
GC Heap History (20 events):
Event: 17.937 GC heap before
{Heap before GC invocations=48 (full 0):
 garbage-first heap   total 176128K, used 158647K [0x0000000080000000, 0x0000000100000000)
  region size 1024K, 53 young (54272K), 7 survivors (7168K)
 Metaspace       used 116569K, committed 118848K, reserved 1179648K
  class space    used 16246K, committed 17344K, reserved 1048576K
}
Event: 17.945 GC heap after
{Heap after GC invocations=49 (full 0):
 garbage-first heap   total 176128K, used 119391K [0x0000000080000000, 0x0000000100000000)
  region size 1024K, 7 young (7168K), 7 survivors (7168K)
 Metaspace       used 116569K, committed 118848K, reserved 1179648K
  class space    used 16246K, committed 17344K, reserved 1048576K
}
Event: 18.457 GC heap before
{Heap before GC invocations=50 (full 0):
 garbage-first heap   total 199680K, used 156255K [0x0000000080000000, 0x0000000100000000)
  region size 1024K, 44 young (45056K), 7 survivors (7168K)
 Metaspace       used 116850K, committed 119040K, reserved 1179648K
  class space    used 16255K, committed 17344K, reserved 1048576K
}
Event: 18.467 GC heap after
{Heap after GC invocations=51 (full 0):
 garbage-first heap   total 199680K, used 126080K [0x0000000080000000, 0x0000000100000000)
  region size 1024K, 6 young (6144K), 6 survivors (6144K)
 Metaspace       used 116850K, committed 119040K, reserved 1179648K
  class space    used 16255K, committed 17344K, reserved 1048576K
}
Event: 18.624 GC heap before
{Heap before GC invocations=51 (full 0):
 garbage-first heap   total 199680K, used 178304K [0x0000000080000000, 0x0000000100000000)
  region size 1024K, 58 young (59392K), 6 survivors (6144K)
 Metaspace       used 116857K, committed 119104K, reserved 1179648K
  class space    used 16255K, committed 17344K, reserved 1048576K
}
Event: 18.629 GC heap after
{Heap after GC invocations=52 (full 0):
 garbage-first heap   total 199680K, used 127238K [0x0000000080000000, 0x0000000100000000)
  region size 1024K, 4 young (4096K), 4 survivors (4096K)
 Metaspace       used 116857K, committed 119104K, reserved 1179648K
  class space    used 16255K, committed 17344K, reserved 1048576K
}
Event: 18.835 GC heap before
{Heap before GC invocations=52 (full 0):
 garbage-first heap   total 199680K, used 181510K [0x0000000080000000, 0x0000000100000000)
  region size 1024K, 57 young (58368K), 4 survivors (4096K)
 Metaspace       used 116894K, committed 119104K, reserved 1179648K
  class space    used 16255K, committed 17344K, reserved 1048576K
}
Event: 18.838 GC heap after
{Heap after GC invocations=53 (full 0):
 garbage-first heap   total 199680K, used 128413K [0x0000000080000000, 0x0000000100000000)
  region size 1024K, 5 young (5120K), 5 survivors (5120K)
 Metaspace       used 116894K, committed 119104K, reserved 1179648K
  class space    used 16255K, committed 17344K, reserved 1048576K
}
Event: 19.393 GC heap before
{Heap before GC invocations=54 (full 0):
 garbage-first heap   total 220160K, used 185757K [0x0000000080000000, 0x0000000100000000)
  region size 1024K, 57 young (58368K), 5 survivors (5120K)
 Metaspace       used 119111K, committed 121344K, reserved 1179648K
  class space    used 16507K, committed 17600K, reserved 1048576K
}
Event: 19.398 GC heap after
{Heap after GC invocations=55 (full 0):
 garbage-first heap   total 220160K, used 130786K [0x0000000080000000, 0x0000000100000000)
  region size 1024K, 7 young (7168K), 7 survivors (7168K)
 Metaspace       used 119111K, committed 121344K, reserved 1179648K
  class space    used 16507K, committed 17600K, reserved 1048576K
}
Event: 27.761 GC heap before
{Heap before GC invocations=55 (full 0):
 garbage-first heap   total 220160K, used 198370K [0x0000000080000000, 0x0000000100000000)
  region size 1024K, 74 young (75776K), 7 survivors (7168K)
 Metaspace       used 121104K, committed 123392K, reserved 1179648K
  class space    used 16671K, committed 17792K, reserved 1048576K
}
Event: 27.772 GC heap after
{Heap after GC invocations=56 (full 0):
 garbage-first heap   total 225280K, used 145583K [0x0000000080000000, 0x0000000100000000)
  region size 1024K, 10 young (10240K), 10 survivors (10240K)
 Metaspace       used 121104K, committed 123392K, reserved 1179648K
  class space    used 16671K, committed 17792K, reserved 1048576K
}
Event: 29.350 GC heap before
{Heap before GC invocations=56 (full 0):
 garbage-first heap   total 225280K, used 160943K [0x0000000080000000, 0x0000000100000000)
  region size 1024K, 26 young (26624K), 10 survivors (10240K)
 Metaspace       used 121116K, committed 123392K, reserved 1179648K
  class space    used 16671K, committed 17792K, reserved 1048576K
}
Event: 29.358 GC heap after
{Heap after GC invocations=57 (full 0):
 garbage-first heap   total 225280K, used 154603K [0x0000000080000000, 0x0000000100000000)
  region size 1024K, 8 young (8192K), 8 survivors (8192K)
 Metaspace       used 121116K, committed 123392K, reserved 1179648K
  class space    used 16671K, committed 17792K, reserved 1048576K
}
Event: 31.045 GC heap before
{Heap before GC invocations=58 (full 0):
 garbage-first heap   total 273408K, used 206827K [0x0000000080000000, 0x0000000100000000)
  region size 1024K, 50 young (51200K), 8 survivors (8192K)
 Metaspace       used 121365K, committed 123648K, reserved 1179648K
  class space    used 16699K, committed 17792K, reserved 1048576K
}
Event: 31.057 GC heap after
{Heap after GC invocations=59 (full 0):
 garbage-first heap   total 273408K, used 175911K [0x0000000080000000, 0x0000000100000000)
  region size 1024K, 7 young (7168K), 7 survivors (7168K)
 Metaspace       used 121365K, committed 123648K, reserved 1179648K
  class space    used 16699K, committed 17792K, reserved 1048576K
}
Event: 31.708 GC heap before
{Heap before GC invocations=59 (full 0):
 garbage-first heap   total 273408K, used 232231K [0x0000000080000000, 0x0000000100000000)
  region size 1024K, 56 young (57344K), 7 survivors (7168K)
 Metaspace       used 121717K, committed 123968K, reserved 1179648K
  class space    used 16729K, committed 17856K, reserved 1048576K
}
Event: 31.721 GC heap after
{Heap after GC invocations=60 (full 0):
 garbage-first heap   total 273408K, used 182272K [0x0000000080000000, 0x0000000100000000)
  region size 1024K, 7 young (7168K), 7 survivors (7168K)
 Metaspace       used 121717K, committed 123968K, reserved 1179648K
  class space    used 16729K, committed 17856K, reserved 1048576K
}
Event: 32.000 GC heap before
{Heap before GC invocations=60 (full 0):
 garbage-first heap   total 273408K, used 212992K [0x0000000080000000, 0x0000000100000000)
  region size 1024K, 31 young (31744K), 7 survivors (7168K)
 Metaspace       used 121752K, committed 124032K, reserved 1179648K
  class space    used 16731K, committed 17856K, reserved 1048576K
}
Event: 32.011 GC heap after
{Heap after GC invocations=61 (full 0):
 garbage-first heap   total 273408K, used 195805K [0x0000000080000000, 0x0000000100000000)
  region size 1024K, 7 young (7168K), 7 survivors (7168K)
 Metaspace       used 121752K, committed 124032K, reserved 1179648K
  class space    used 16731K, committed 17856K, reserved 1048576K
}

