# JRE version: OpenJDK Runtime Environment (21.0.7) (build 21.0.7+-13880790-b1038.58)
# Java VM: OpenJDK 64-Bit Server VM (21.0.7+-13880790-b1038.58, mixed mode, tiered, compressed oops, compressed class ptrs, g1 gc, windows-amd64)
GC Precious Log:
 CardTable entry size: 512
 Card Set container configuration: InlinePtr #cards 5 size 8 Array Of Cards #cards 12 size 40 Howl #buckets 4 coarsen threshold 1843 Howl Bitmap #cards 512 size 80 coarsen threshold 460 Card regions per heap region 1 cards per card region 2048
 CPUs: 12 total, 12 available
 Memory: 16332M
 Large Page Support: Disabled
 NUMA Support: Disabled
 Compressed Oops: Enabled (32-bit)
 Heap Region Size: 1M
 Heap Min Capacity: 8M
 Heap Initial Capacity: 256M
 Heap Max Capacity: 2G
 Pre-touch: Disabled
 Parallel Workers: 10
 Concurrent Workers: 3
 Concurrent Refinement Workers: 10
 Periodic GC: Disabled
Heap:
 garbage-first heap   total 401408K, used 356991K [0x0000000080000000, 0x0000000100000000)
  region size 1024K, 108 young (110592K), 10 survivors (10240K)
 Metaspace       used 158456K, committed 161152K, reserved 1245184K
  class space    used 21315K, committed 22656K, reserved 1048576K
GC Heap History (20 events):
Event: 312.490 GC heap before
{Heap before GC invocations=68 (full 0):
 garbage-first heap   total 324608K, used 213115K [0x0000000080000000, 0x0000000100000000)
  region size 1024K, 21 young (21504K), 10 survivors (10240K)
 Metaspace       used 141122K, committed 143616K, reserved 1179648K
  class space    used 19332K, committed 20544K, reserved 1048576K
}
Event: 312.495 GC heap after
{Heap after GC invocations=69 (full 0):
 garbage-first heap   total 324608K, used 205211K [0x0000000080000000, 0x0000000100000000)
  region size 1024K, 9 young (9216K), 9 survivors (9216K)
 Metaspace       used 141122K, committed 143616K, reserved 1179648K
  class space    used 19332K, committed 20544K, reserved 1048576K
}
Event: 313.369 GC heap before
{Heap before GC invocations=70 (full 0):
 garbage-first heap   total 347136K, used 297371K [0x0000000080000000, 0x0000000100000000)
  region size 1024K, 98 young (100352K), 9 survivors (9216K)
 Metaspace       used 144378K, committed 146816K, reserved 1179648K
  class space    used 19746K, committed 20928K, reserved 1048576K
}
Event: 313.377 GC heap after
{Heap after GC invocations=71 (full 0):
 garbage-first heap   total 347136K, used 212402K [0x0000000080000000, 0x0000000100000000)
  region size 1024K, 8 young (8192K), 8 survivors (8192K)
 Metaspace       used 144378K, committed 146816K, reserved 1179648K
  class space    used 19746K, committed 20928K, reserved 1048576K
}
Event: 313.995 GC heap before
{Heap before GC invocations=71 (full 0):
 garbage-first heap   total 347136K, used 311730K [0x0000000080000000, 0x0000000100000000)
  region size 1024K, 105 young (107520K), 8 survivors (8192K)
 Metaspace       used 144378K, committed 146816K, reserved 1179648K
  class space    used 19746K, committed 20928K, reserved 1048576K
}
Event: 314.004 GC heap after
{Heap after GC invocations=72 (full 0):
 garbage-first heap   total 347136K, used 210914K [0x0000000080000000, 0x0000000100000000)
  region size 1024K, 9 young (9216K), 9 survivors (9216K)
 Metaspace       used 144378K, committed 146816K, reserved 1179648K
  class space    used 19746K, committed 20928K, reserved 1048576K
}
Event: 314.647 GC heap before
{Heap before GC invocations=72 (full 0):
 garbage-first heap   total 347136K, used 319458K [0x0000000080000000, 0x0000000100000000)
  region size 1024K, 115 young (117760K), 9 survivors (9216K)
 Metaspace       used 144378K, committed 146816K, reserved 1179648K
  class space    used 19746K, committed 20928K, reserved 1048576K
}
Event: 314.654 GC heap after
{Heap after GC invocations=73 (full 0):
 garbage-first heap   total 347136K, used 213930K [0x0000000080000000, 0x0000000100000000)
  region size 1024K, 10 young (10240K), 10 survivors (10240K)
 Metaspace       used 144378K, committed 146816K, reserved 1179648K
  class space    used 19746K, committed 20928K, reserved 1048576K
}
Event: 315.705 GC heap before
{Heap before GC invocations=74 (full 0):
 garbage-first heap   total 357376K, used 319402K [0x0000000080000000, 0x0000000100000000)
  region size 1024K, 112 young (114688K), 10 survivors (10240K)
 Metaspace       used 147870K, committed 150336K, reserved 1179648K
  class space    used 20125K, committed 21376K, reserved 1048576K
}
Event: 315.714 GC heap after
{Heap after GC invocations=75 (full 0):
 garbage-first heap   total 357376K, used 217845K [0x0000000080000000, 0x0000000100000000)
  region size 1024K, 11 young (11264K), 11 survivors (11264K)
 Metaspace       used 147870K, committed 150336K, reserved 1179648K
  class space    used 20125K, committed 21376K, reserved 1048576K
}
Event: 317.366 GC heap before
{Heap before GC invocations=75 (full 0):
 garbage-first heap   total 357376K, used 326389K [0x0000000080000000, 0x0000000100000000)
  region size 1024K, 118 young (120832K), 11 survivors (11264K)
 Metaspace       used 151730K, committed 154240K, reserved 1245184K
  class space    used 20580K, committed 21824K, reserved 1048576K
}
Event: 317.387 GC heap after
{Heap after GC invocations=76 (full 0):
 garbage-first heap   total 357376K, used 225198K [0x0000000080000000, 0x0000000100000000)
  region size 1024K, 15 young (15360K), 15 survivors (15360K)
 Metaspace       used 151730K, committed 154240K, reserved 1245184K
  class space    used 20580K, committed 21824K, reserved 1048576K
}
Event: 322.965 GC heap before
{Heap before GC invocations=76 (full 0):
 garbage-first heap   total 357376K, used 322478K [0x0000000080000000, 0x0000000100000000)
  region size 1024K, 111 young (113664K), 15 survivors (15360K)
 Metaspace       used 154432K, committed 156992K, reserved 1245184K
  class space    used 20903K, committed 22144K, reserved 1048576K
}
Event: 322.980 GC heap after
{Heap after GC invocations=77 (full 0):
 garbage-first heap   total 357376K, used 231177K [0x0000000080000000, 0x0000000100000000)
  region size 1024K, 11 young (11264K), 11 survivors (11264K)
 Metaspace       used 154432K, committed 156992K, reserved 1245184K
  class space    used 20903K, committed 22144K, reserved 1048576K
}
Event: 331.451 GC heap before
{Heap before GC invocations=77 (full 0):
 garbage-first heap   total 357376K, used 326409K [0x0000000080000000, 0x0000000100000000)
  region size 1024K, 105 young (107520K), 11 survivors (11264K)
 Metaspace       used 157560K, committed 160192K, reserved 1245184K
  class space    used 21283K, committed 22592K, reserved 1048576K
}
Event: 331.461 GC heap after
{Heap after GC invocations=78 (full 0):
 garbage-first heap   total 357376K, used 239712K [0x0000000080000000, 0x0000000100000000)
  region size 1024K, 9 young (9216K), 9 survivors (9216K)
 Metaspace       used 157560K, committed 160192K, reserved 1245184K
  class space    used 21283K, committed 22592K, reserved 1048576K
}
Event: 332.325 GC heap before
{Heap before GC invocations=79 (full 0):
 garbage-first heap   total 401408K, used 325728K [0x0000000080000000, 0x0000000100000000)
  region size 1024K, 93 young (95232K), 9 survivors (9216K)
 Metaspace       used 157894K, committed 160512K, reserved 1245184K
  class space    used 21295K, committed 22592K, reserved 1048576K
}
Event: 332.339 GC heap after
{Heap after GC invocations=80 (full 0):
 garbage-first heap   total 401408K, used 251692K [0x0000000080000000, 0x0000000100000000)
  region size 1024K, 12 young (12288K), 12 survivors (12288K)
 Metaspace       used 157894K, committed 160512K, reserved 1245184K
  class space    used 21295K, committed 22592K, reserved 1048576K
}
Event: 363.938 GC heap before
{Heap before GC invocations=80 (full 0):
 garbage-first heap   total 401408K, used 363308K [0x0000000080000000, 0x0000000100000000)
  region size 1024K, 122 young (124928K), 12 survivors (12288K)
 Metaspace       used 158155K, committed 160832K, reserved 1245184K
  class space    used 21305K, committed 22592K, reserved 1048576K
}
Event: 363.953 GC heap after
{Heap after GC invocations=81 (full 0):
 garbage-first heap   total 401408K, used 257663K [0x0000000080000000, 0x0000000100000000)
  region size 1024K, 10 young (10240K), 10 survivors (10240K)
 Metaspace       used 158155K, committed 160832K, reserved 1245184K
  class space    used 21305K, committed 22592K, reserved 1048576K
}

